{
  "RSpec": {
    "coverage": {
      "/home/ghost2888/tic-tac-toe-rb-ruby-apply-000/lib/tic_tac_toe.rb": [
        null,
        1,
        null,
        null,
        null,
        null,
        null,
        null,
        null,
        null,
        null,
        1,
        13,
        13,
        13,
        13,
        13,
        null,
        null,
        1,
        13,
        null,
        null,
        1,
        13,
        13,
        null,
        null,
        1,
        0,
        0,
        null,
        0,
        null,
        null,
        null,
        1,
        13,
        13,
        13,
        null,
        0,
        null,
        null,
        null,
        13,
        13,
        13,
        null,
        0,
        null,
        null,
        null,
        13,
        13,
        null,
        0,
        null,
        null,
        null,
        null,
        1,
        26,
        26,
        234,
        16,
        null,
        null,
        26,
        null,
        null,
        1,
        26,
        26,
        null,
        null,
        null,
        null,
        null,
        1,
        13,
        13,
        13,
        13,
        13,
        13,
        null,
        0,
        null,
        null,
        null,
        1,
        15,
        94,
        94,
        94,
        null,
        94,
        94,
        94,
        94,
        4,
        null,
        90,
        null,
        null,
        11,
        null,
        null,
        1,
        51,
        null,
        null,
        1,
        4,
        4,
        null,
        0,
        null,
        null,
        null,
        1,
        14,
        8,
        null,
        null,
        null,
        1,
        0,
        0,
        0,
        null,
        0,
        0,
        null,
        0,
        null,
        null,
        null,
        1,
        12,
        13,
        13,
        null,
        null
      ]
    },
    "timestamp": 1607405478
  }
}
